
  .   ____          _            __ _ _
 /\\ / ___'_ __ _ _(_)_ __  __ _ \ \ \ \
( ( )\___ | '_ | '_| | '_ \/ _` | \ \ \ \
 \\/  ___)| |_)| | | | | || (_| |  ) ) ) )
  '  |____| .__|_| |_|_| |_\__, | / / / /
 =========|_|==============|___/=/_/_/_/

 :: Spring Boot ::                (v3.3.4)

2026-05-02T14:36:46.476+05:30  INFO 81919 --- [           main] com.ttm.TtmApplication                   : Starting TtmApplication v1.0.0 using Java 23.0.2 with PID 81919 (/Users/aryanpanwar/Downloads/ttm/backend/target/team-task-manager-1.0.0.jar started by aryanpanwar in /Users/aryanpanwar/Downloads/ttm/backend)
2026-05-02T14:36:46.477+05:30  INFO 81919 --- [           main] com.ttm.TtmApplication                   : No active profile set, falling back to 1 default profile: "default"
2026-05-02T14:36:47.026+05:30  INFO 81919 --- [           main] .s.d.r.c.RepositoryConfigurationDelegate : Bootstrapping Spring Data JPA repositories in DEFAULT mode.
2026-05-02T14:36:47.064+05:30  INFO 81919 --- [           main] .s.d.r.c.RepositoryConfigurationDelegate : Finished Spring Data repository scanning in 32 ms. Found 3 JPA repository interfaces.
2026-05-02T14:36:47.423+05:30  INFO 81919 --- [           main] o.s.b.w.embedded.tomcat.TomcatWebServer  : Tomcat initialized with port 8080 (http)
2026-05-02T14:36:47.434+05:30  INFO 81919 --- [           main] o.apache.catalina.core.StandardService   : Starting service [Tomcat]
2026-05-02T14:36:47.434+05:30  INFO 81919 --- [           main] o.apache.catalina.core.StandardEngine    : Starting Servlet engine: [Apache Tomcat/10.1.30]
2026-05-02T14:36:47.456+05:30  INFO 81919 --- [           main] o.a.c.c.C.[Tomcat].[localhost].[/]       : Initializing Spring embedded WebApplicationContext
2026-05-02T14:36:47.456+05:30  INFO 81919 --- [           main] w.s.c.ServletWebServerApplicationContext : Root WebApplicationContext: initialization completed in 938 ms
2026-05-02T14:36:47.552+05:30  INFO 81919 --- [           main] o.hibernate.jpa.internal.util.LogHelper  : HHH000204: Processing PersistenceUnitInfo [name: default]
2026-05-02T14:36:47.596+05:30  INFO 81919 --- [           main] org.hibernate.Version                    : HHH000412: Hibernate ORM core version 6.5.3.Final
2026-05-02T14:36:47.620+05:30  INFO 81919 --- [           main] o.h.c.internal.RegionFactoryInitiator    : HHH000026: Second-level cache disabled
2026-05-02T14:36:47.841+05:30  INFO 81919 --- [           main] o.s.o.j.p.SpringPersistenceUnitInfo      : No LoadTimeWeaver setup: ignoring JPA class transformer
2026-05-02T14:36:47.862+05:30  INFO 81919 --- [           main] com.zaxxer.hikari.HikariDataSource       : HikariPool-1 - Starting...
2026-05-02T14:36:48.017+05:30  INFO 81919 --- [           main] com.zaxxer.hikari.pool.HikariPool        : HikariPool-1 - Added connection com.mysql.cj.jdbc.ConnectionImpl@26ffd2c0
2026-05-02T14:36:48.018+05:30  INFO 81919 --- [           main] com.zaxxer.hikari.HikariDataSource       : HikariPool-1 - Start completed.
2026-05-02T14:36:48.065+05:30  WARN 81919 --- [           main] org.hibernate.orm.deprecation            : HHH90000025: MySQLDialect does not need to be specified explicitly using 'hibernate.dialect' (remove the property setting and it will be selected by default)
2026-05-02T14:36:48.758+05:30  INFO 81919 --- [           main] o.h.e.t.j.p.i.JtaPlatformInitiator       : HHH000489: No JTA platform available (set 'hibernate.transaction.jta.platform' to enable JTA platform integration)
2026-05-02T14:36:48.838+05:30  INFO 81919 --- [           main] j.LocalContainerEntityManagerFactoryBean : Initialized JPA EntityManagerFactory for persistence unit 'default'
2026-05-02T14:36:49.092+05:30  INFO 81919 --- [           main] o.s.d.j.r.query.QueryEnhancerFactory     : Hibernate is in classpath; If applicable, HQL parser will be used.
2026-05-02T14:36:49.474+05:30  WARN 81919 --- [           main] JpaBaseConfiguration$JpaWebConfiguration : spring.jpa.open-in-view is enabled by default. Therefore, database queries may be performed during view rendering. Explicitly configure spring.jpa.open-in-view to disable this warning
2026-05-02T14:36:49.531+05:30  INFO 81919 --- [           main] o.s.b.a.w.s.WelcomePageHandlerMapping    : Adding welcome page: class path resource [static/index.html]
2026-05-02T14:36:49.843+05:30  INFO 81919 --- [           main] o.s.b.w.embedded.tomcat.TomcatWebServer  : Tomcat started on port 8080 (http) with context path '/'
2026-05-02T14:36:49.860+05:30  INFO 81919 --- [           main] com.ttm.TtmApplication                   : Started TtmApplication in 3.634 seconds (process running for 4.062)
[DataSeeder] Users already present: skipping seeder
2026-05-02T14:37:11.627+05:30  INFO 81919 --- [nio-8080-exec-1] o.a.c.c.C.[Tomcat].[localhost].[/]       : Initializing Spring DispatcherServlet 'dispatcherServlet'
2026-05-02T14:37:11.627+05:30  INFO 81919 --- [nio-8080-exec-1] o.s.web.servlet.DispatcherServlet        : Initializing Servlet 'dispatcherServlet'
2026-05-02T14:37:11.628+05:30  INFO 81919 --- [nio-8080-exec-1] o.s.web.servlet.DispatcherServlet        : Completed initialization in 1 ms
